
*** Running vivado
    with args -log soc.vds -m64 -product Vivado -mode batch -messageDb vivado.pb -notrace -source soc.tcl


****** Vivado v2021.1 (64-bit)
  **** SW Build 3247384 on Thu Jun 10 19:36:07 MDT 2021
  **** IP Build 3246043 on Fri Jun 11 00:30:35 MDT 2021
    ** Copyright 1986-2021 Xilinx, Inc. All Rights Reserved.

source soc.tcl -notrace
Command: synth_design -top soc -part xc7s50csga324-1 -flatten_hierarchy none -directive FewerCarryChains -keep_equivalent_registers -resource_sharing off -no_lc
Starting synth_design
Attempting to get a license for feature 'Synthesis' and/or device 'xc7s50'
INFO: [Common 17-349] Got license for feature 'Synthesis' and/or device 'xc7s50'
INFO: [Device 21-403] Loading part xc7s50csga324-1
INFO: [Synth 8-7079] Multithreading enabled for synth_design using a maximum of 4 processes.
INFO: [Synth 8-7078] Launching helper process for spawning children vivado processes
INFO: [Synth 8-7075] Helper process launched with PID 142144
---------------------------------------------------------------------------------
Starting RTL Elaboration : Time (s): cpu = 00:00:03 ; elapsed = 00:00:03 . Memory (MB): peak = 2548.820 ; gain = 0.000 ; free physical = 5823 ; free virtual = 24871
---------------------------------------------------------------------------------
INFO: [Synth 8-6157] synthesizing module 'soc' [/home/zww/Documents/College/2022SP/HDL/HdlMicroProcessor/src/soc/soc.v:9]
INFO: [Synth 8-6157] synthesizing module 'clk_gen' [/home/zww/Documents/College/2022SP/HDL/HdlMicroProcessor/HdlMicroProcessor.runs/synth_1/.Xil/Vivado-141342-uberbertha/realtime/clk_gen_stub.v:5]
INFO: [Synth 8-6155] done synthesizing module 'clk_gen' (1#1) [/home/zww/Documents/College/2022SP/HDL/HdlMicroProcessor/HdlMicroProcessor.runs/synth_1/.Xil/Vivado-141342-uberbertha/realtime/clk_gen_stub.v:5]
INFO: [Synth 8-6157] synthesizing module 'vga_pix_clk_gen' [/home/zww/Documents/College/2022SP/HDL/HdlMicroProcessor/HdlMicroProcessor.runs/synth_1/.Xil/Vivado-141342-uberbertha/realtime/vga_pix_clk_gen_stub.v:5]
INFO: [Synth 8-6155] done synthesizing module 'vga_pix_clk_gen' (2#1) [/home/zww/Documents/College/2022SP/HDL/HdlMicroProcessor/HdlMicroProcessor.runs/synth_1/.Xil/Vivado-141342-uberbertha/realtime/vga_pix_clk_gen_stub.v:5]
INFO: [Synth 8-6157] synthesizing module 'program_memory' [/home/zww/Documents/College/2022SP/HDL/HdlMicroProcessor/HdlMicroProcessor.runs/synth_1/.Xil/Vivado-141342-uberbertha/realtime/program_memory_stub.v:6]
INFO: [Synth 8-6155] done synthesizing module 'program_memory' (3#1) [/home/zww/Documents/College/2022SP/HDL/HdlMicroProcessor/HdlMicroProcessor.runs/synth_1/.Xil/Vivado-141342-uberbertha/realtime/program_memory_stub.v:6]
INFO: [Synth 8-6157] synthesizing module 'frame_buffer' [/home/zww/Documents/College/2022SP/HDL/HdlMicroProcessor/HdlMicroProcessor.runs/synth_1/.Xil/Vivado-141342-uberbertha/realtime/frame_buffer_stub.v:6]
INFO: [Synth 8-6155] done synthesizing module 'frame_buffer' (4#1) [/home/zww/Documents/College/2022SP/HDL/HdlMicroProcessor/HdlMicroProcessor.runs/synth_1/.Xil/Vivado-141342-uberbertha/realtime/frame_buffer_stub.v:6]
INFO: [Synth 8-6157] synthesizing module 'call_stack' [/home/zww/Documents/College/2022SP/HDL/HdlMicroProcessor/HdlMicroProcessor.runs/synth_1/.Xil/Vivado-141342-uberbertha/realtime/call_stack_stub.v:6]
INFO: [Synth 8-6155] done synthesizing module 'call_stack' (5#1) [/home/zww/Documents/College/2022SP/HDL/HdlMicroProcessor/HdlMicroProcessor.runs/synth_1/.Xil/Vivado-141342-uberbertha/realtime/call_stack_stub.v:6]
INFO: [Synth 8-6157] synthesizing module 'main_memory' [/home/zww/Documents/College/2022SP/HDL/HdlMicroProcessor/HdlMicroProcessor.runs/synth_1/.Xil/Vivado-141342-uberbertha/realtime/main_memory_stub.v:6]
INFO: [Synth 8-6155] done synthesizing module 'main_memory' (6#1) [/home/zww/Documents/College/2022SP/HDL/HdlMicroProcessor/HdlMicroProcessor.runs/synth_1/.Xil/Vivado-141342-uberbertha/realtime/main_memory_stub.v:6]
INFO: [Synth 8-6157] synthesizing module 'memory_io' [/home/zww/Documents/College/2022SP/HDL/HdlMicroProcessor/src/soc/memory_io/memory_io.v:9]
INFO: [Synth 8-6155] done synthesizing module 'memory_io' (7#1) [/home/zww/Documents/College/2022SP/HDL/HdlMicroProcessor/src/soc/memory_io/memory_io.v:9]
INFO: [Synth 8-6157] synthesizing module 'interrupt_controller' [/home/zww/Documents/College/2022SP/HDL/HdlMicroProcessor/src/soc/interrupt_controller/interrupt_controller.v:9]
INFO: [Synth 8-6155] done synthesizing module 'interrupt_controller' (8#1) [/home/zww/Documents/College/2022SP/HDL/HdlMicroProcessor/src/soc/interrupt_controller/interrupt_controller.v:9]
INFO: [Synth 8-6157] synthesizing module 'hazard_control_unit' [/home/zww/Documents/College/2022SP/HDL/HdlMicroProcessor/src/soc/hazard_control_unit/hazard_control_unit.v:9]
INFO: [Synth 8-6155] done synthesizing module 'hazard_control_unit' (9#1) [/home/zww/Documents/College/2022SP/HDL/HdlMicroProcessor/src/soc/hazard_control_unit/hazard_control_unit.v:9]
INFO: [Synth 8-6157] synthesizing module 'timer' [/home/zww/Documents/College/2022SP/HDL/HdlMicroProcessor/src/soc/timer/timer.v:9]
INFO: [Synth 8-6155] done synthesizing module 'timer' (10#1) [/home/zww/Documents/College/2022SP/HDL/HdlMicroProcessor/src/soc/timer/timer.v:9]
INFO: [Synth 8-6157] synthesizing module 'datapath' [/home/zww/Documents/College/2022SP/HDL/HdlMicroProcessor/src/soc/datapath/datapath.v:9]
INFO: [Synth 8-6157] synthesizing module 'register_file' [/home/zww/Documents/College/2022SP/HDL/HdlMicroProcessor/src/soc/datapath/register_file/register_file.v:9]
INFO: [Synth 8-6155] done synthesizing module 'register_file' (11#1) [/home/zww/Documents/College/2022SP/HDL/HdlMicroProcessor/src/soc/datapath/register_file/register_file.v:9]
INFO: [Synth 8-6157] synthesizing module 'inst_word_sel_mux' [/home/zww/Documents/College/2022SP/HDL/HdlMicroProcessor/src/soc/datapath/pipeline/stages/fetch/inst_word_sel_mux/inst_word_sel_mux.v:9]
INFO: [Synth 8-6155] done synthesizing module 'inst_word_sel_mux' (12#1) [/home/zww/Documents/College/2022SP/HDL/HdlMicroProcessor/src/soc/datapath/pipeline/stages/fetch/inst_word_sel_mux/inst_word_sel_mux.v:9]
INFO: [Synth 8-6157] synthesizing module 'fetch' [/home/zww/Documents/College/2022SP/HDL/HdlMicroProcessor/src/soc/datapath/pipeline/stages/fetch/fetch.v:9]
INFO: [Synth 8-6157] synthesizing module 'prog_cntr_input_sel_mux' [/home/zww/Documents/College/2022SP/HDL/HdlMicroProcessor/src/soc/datapath/pipeline/stages/fetch/prog_cntr_load_sel_mux/prog_cntr_input_sel_mux.v:9]
INFO: [Synth 8-6155] done synthesizing module 'prog_cntr_input_sel_mux' (13#1) [/home/zww/Documents/College/2022SP/HDL/HdlMicroProcessor/src/soc/datapath/pipeline/stages/fetch/prog_cntr_load_sel_mux/prog_cntr_input_sel_mux.v:9]
INFO: [Synth 8-6157] synthesizing module 'program_counter' [/home/zww/Documents/College/2022SP/HDL/HdlMicroProcessor/src/soc/datapath/pipeline/stages/fetch/program_counter/program_counter.v:12]
INFO: [Synth 8-6155] done synthesizing module 'program_counter' (14#1) [/home/zww/Documents/College/2022SP/HDL/HdlMicroProcessor/src/soc/datapath/pipeline/stages/fetch/program_counter/program_counter.v:12]
INFO: [Synth 8-6155] done synthesizing module 'fetch' (15#1) [/home/zww/Documents/College/2022SP/HDL/HdlMicroProcessor/src/soc/datapath/pipeline/stages/fetch/fetch.v:9]
INFO: [Synth 8-6157] synthesizing module 'if_id' [/home/zww/Documents/College/2022SP/HDL/HdlMicroProcessor/src/soc/datapath/pipeline/registers/if_id/if_id.v:15]
INFO: [Synth 8-6155] done synthesizing module 'if_id' (16#1) [/home/zww/Documents/College/2022SP/HDL/HdlMicroProcessor/src/soc/datapath/pipeline/registers/if_id/if_id.v:15]
INFO: [Synth 8-6157] synthesizing module 'decode' [/home/zww/Documents/College/2022SP/HDL/HdlMicroProcessor/src/soc/datapath/pipeline/stages/decode/decode.v:9]
INFO: [Synth 8-6157] synthesizing module 'decode_logic' [/home/zww/Documents/College/2022SP/HDL/HdlMicroProcessor/src/soc/datapath/pipeline/stages/decode/decode_logic/decode_logic.v:9]
INFO: [Synth 8-6155] done synthesizing module 'decode_logic' (17#1) [/home/zww/Documents/College/2022SP/HDL/HdlMicroProcessor/src/soc/datapath/pipeline/stages/decode/decode_logic/decode_logic.v:9]
INFO: [Synth 8-6157] synthesizing module 'branch_resolution_logic' [/home/zww/Documents/College/2022SP/HDL/HdlMicroProcessor/src/soc/datapath/pipeline/stages/decode/branch_resolution_logic/branch_resolution_logic.v:9]
INFO: [Synth 8-6155] done synthesizing module 'branch_resolution_logic' (18#1) [/home/zww/Documents/College/2022SP/HDL/HdlMicroProcessor/src/soc/datapath/pipeline/stages/decode/branch_resolution_logic/branch_resolution_logic.v:9]
INFO: [Synth 8-6157] synthesizing module 'alu_forwarding_logic' [/home/zww/Documents/College/2022SP/HDL/HdlMicroProcessor/src/soc/datapath/pipeline/stages/decode/alu_forwarding_logic/alu_forwarding_logic.v:9]
INFO: [Synth 8-6155] done synthesizing module 'alu_forwarding_logic' (19#1) [/home/zww/Documents/College/2022SP/HDL/HdlMicroProcessor/src/soc/datapath/pipeline/stages/decode/alu_forwarding_logic/alu_forwarding_logic.v:9]
INFO: [Synth 8-6157] synthesizing module 'id_ex_data_input_mux' [/home/zww/Documents/College/2022SP/HDL/HdlMicroProcessor/src/soc/datapath/pipeline/stages/decode/id_ex_data_input_mux/id_ex_data_input_mux.v:9]
INFO: [Synth 8-6155] done synthesizing module 'id_ex_data_input_mux' (20#1) [/home/zww/Documents/College/2022SP/HDL/HdlMicroProcessor/src/soc/datapath/pipeline/stages/decode/id_ex_data_input_mux/id_ex_data_input_mux.v:9]
INFO: [Synth 8-6155] done synthesizing module 'decode' (21#1) [/home/zww/Documents/College/2022SP/HDL/HdlMicroProcessor/src/soc/datapath/pipeline/stages/decode/decode.v:9]
INFO: [Synth 8-6157] synthesizing module 'id_ex' [/home/zww/Documents/College/2022SP/HDL/HdlMicroProcessor/src/soc/datapath/pipeline/registers/id_ex/id_ex.v:8]
INFO: [Synth 8-6155] done synthesizing module 'id_ex' (22#1) [/home/zww/Documents/College/2022SP/HDL/HdlMicroProcessor/src/soc/datapath/pipeline/registers/id_ex/id_ex.v:8]
INFO: [Synth 8-6157] synthesizing module 'execute' [/home/zww/Documents/College/2022SP/HDL/HdlMicroProcessor/src/soc/datapath/pipeline/stages/execute/execute.v:9]
INFO: [Synth 8-6157] synthesizing module 'alu_input_mux' [/home/zww/Documents/College/2022SP/HDL/HdlMicroProcessor/src/soc/datapath/pipeline/stages/execute/alu_input_mux/alu_input_mux.v:9]
INFO: [Synth 8-6155] done synthesizing module 'alu_input_mux' (23#1) [/home/zww/Documents/College/2022SP/HDL/HdlMicroProcessor/src/soc/datapath/pipeline/stages/execute/alu_input_mux/alu_input_mux.v:9]
INFO: [Synth 8-6157] synthesizing module 'alu' [/home/zww/Documents/College/2022SP/HDL/HdlMicroProcessor/src/soc/datapath/pipeline/stages/execute/alu/alu.v:3]
INFO: [Synth 8-6157] synthesizing module 'adder' [/home/zww/Documents/College/2022SP/HDL/HdlMicroProcessor/src/soc/datapath/pipeline/stages/execute/alu/adder/adder.v:16]
INFO: [Synth 8-6155] done synthesizing module 'adder' (24#1) [/home/zww/Documents/College/2022SP/HDL/HdlMicroProcessor/src/soc/datapath/pipeline/stages/execute/alu/adder/adder.v:16]
INFO: [Synth 8-6157] synthesizing module 'multiplier' [/home/zww/Documents/College/2022SP/HDL/HdlMicroProcessor/src/soc/datapath/pipeline/stages/execute/alu/multiplier/multiplier.v:14]
INFO: [Synth 8-6155] done synthesizing module 'multiplier' (25#1) [/home/zww/Documents/College/2022SP/HDL/HdlMicroProcessor/src/soc/datapath/pipeline/stages/execute/alu/multiplier/multiplier.v:14]
INFO: [Synth 8-6157] synthesizing module 'bit_shifter' [/home/zww/Documents/College/2022SP/HDL/HdlMicroProcessor/src/soc/datapath/pipeline/stages/execute/alu/bit_shifter/bit_shifter.v:9]
INFO: [Synth 8-6155] done synthesizing module 'bit_shifter' (26#1) [/home/zww/Documents/College/2022SP/HDL/HdlMicroProcessor/src/soc/datapath/pipeline/stages/execute/alu/bit_shifter/bit_shifter.v:9]
INFO: [Synth 8-6157] synthesizing module 'bitwise_logic_unit' [/home/zww/Documents/College/2022SP/HDL/HdlMicroProcessor/src/soc/datapath/pipeline/stages/execute/alu/bitwise_logic_unit/bitwise_logic_unit.v:9]
INFO: [Synth 8-6155] done synthesizing module 'bitwise_logic_unit' (27#1) [/home/zww/Documents/College/2022SP/HDL/HdlMicroProcessor/src/soc/datapath/pipeline/stages/execute/alu/bitwise_logic_unit/bitwise_logic_unit.v:9]
INFO: [Synth 8-6155] done synthesizing module 'alu' (28#1) [/home/zww/Documents/College/2022SP/HDL/HdlMicroProcessor/src/soc/datapath/pipeline/stages/execute/alu/alu.v:3]
INFO: [Synth 8-6157] synthesizing module 'ex_mem_data_input_mux' [/home/zww/Documents/College/2022SP/HDL/HdlMicroProcessor/src/soc/datapath/pipeline/stages/execute/ex_mem_data_input_mux/ex_mem_data_input_mux.v:9]
INFO: [Synth 8-6155] done synthesizing module 'ex_mem_data_input_mux' (29#1) [/home/zww/Documents/College/2022SP/HDL/HdlMicroProcessor/src/soc/datapath/pipeline/stages/execute/ex_mem_data_input_mux/ex_mem_data_input_mux.v:9]
INFO: [Synth 8-6157] synthesizing module 'memory_forwarding_logic' [/home/zww/Documents/College/2022SP/HDL/HdlMicroProcessor/src/soc/datapath/pipeline/stages/execute/memory_forwarding_logic/memory_forwarding_logic.v:9]
INFO: [Synth 8-6155] done synthesizing module 'memory_forwarding_logic' (30#1) [/home/zww/Documents/College/2022SP/HDL/HdlMicroProcessor/src/soc/datapath/pipeline/stages/execute/memory_forwarding_logic/memory_forwarding_logic.v:9]
INFO: [Synth 8-6157] synthesizing module 'flags_register' [/home/zww/Documents/College/2022SP/HDL/HdlMicroProcessor/src/soc/datapath/pipeline/stages/execute/flags_register/flags_register.v:9]
INFO: [Synth 8-6155] done synthesizing module 'flags_register' (31#1) [/home/zww/Documents/College/2022SP/HDL/HdlMicroProcessor/src/soc/datapath/pipeline/stages/execute/flags_register/flags_register.v:9]
INFO: [Synth 8-6155] done synthesizing module 'execute' (32#1) [/home/zww/Documents/College/2022SP/HDL/HdlMicroProcessor/src/soc/datapath/pipeline/stages/execute/execute.v:9]
INFO: [Synth 8-6157] synthesizing module 'ex_mem' [/home/zww/Documents/College/2022SP/HDL/HdlMicroProcessor/src/soc/datapath/pipeline/registers/ex_mem/ex_mem.v:8]
INFO: [Synth 8-6155] done synthesizing module 'ex_mem' (33#1) [/home/zww/Documents/College/2022SP/HDL/HdlMicroProcessor/src/soc/datapath/pipeline/registers/ex_mem/ex_mem.v:8]
INFO: [Synth 8-6157] synthesizing module 'memory' [/home/zww/Documents/College/2022SP/HDL/HdlMicroProcessor/src/soc/datapath/pipeline/stages/memory/memory.v:9]
INFO: [Synth 8-6157] synthesizing module 'sfr_sel_mux' [/home/zww/Documents/College/2022SP/HDL/HdlMicroProcessor/src/soc/datapath/pipeline/stages/memory/sfr_sel_mux/sfr_sel_mux.v:9]
INFO: [Synth 8-6155] done synthesizing module 'sfr_sel_mux' (34#1) [/home/zww/Documents/College/2022SP/HDL/HdlMicroProcessor/src/soc/datapath/pipeline/stages/memory/sfr_sel_mux/sfr_sel_mux.v:9]
INFO: [Synth 8-6157] synthesizing module 'sfr_file' [/home/zww/Documents/College/2022SP/HDL/HdlMicroProcessor/src/soc/datapath/pipeline/stages/memory/sfr_file/sfr_file.v:10]
INFO: [Synth 8-6155] done synthesizing module 'sfr_file' (35#1) [/home/zww/Documents/College/2022SP/HDL/HdlMicroProcessor/src/soc/datapath/pipeline/stages/memory/sfr_file/sfr_file.v:10]
INFO: [Synth 8-6157] synthesizing module 'mem_str_data_sel_mux' [/home/zww/Documents/College/2022SP/HDL/HdlMicroProcessor/src/soc/datapath/pipeline/stages/memory/mem_str_data_sel_mux/mem_str_data_sel_mux.v:9]
INFO: [Synth 8-6155] done synthesizing module 'mem_str_data_sel_mux' (36#1) [/home/zww/Documents/College/2022SP/HDL/HdlMicroProcessor/src/soc/datapath/pipeline/stages/memory/mem_str_data_sel_mux/mem_str_data_sel_mux.v:9]
INFO: [Synth 8-6157] synthesizing module 'mem_addr_sel_mux' [/home/zww/Documents/College/2022SP/HDL/HdlMicroProcessor/src/soc/datapath/pipeline/stages/memory/mem_addr_sel_mux/mem_addr_sel_mux.v:9]
INFO: [Synth 8-6155] done synthesizing module 'mem_addr_sel_mux' (37#1) [/home/zww/Documents/College/2022SP/HDL/HdlMicroProcessor/src/soc/datapath/pipeline/stages/memory/mem_addr_sel_mux/mem_addr_sel_mux.v:9]
INFO: [Synth 8-6157] synthesizing module 'mem_wb_data_input_mux' [/home/zww/Documents/College/2022SP/HDL/HdlMicroProcessor/src/soc/datapath/pipeline/stages/memory/mem_wb_data_input_mux/mem_wb_data_input_mux.v:9]
INFO: [Synth 8-6155] done synthesizing module 'mem_wb_data_input_mux' (38#1) [/home/zww/Documents/College/2022SP/HDL/HdlMicroProcessor/src/soc/datapath/pipeline/stages/memory/mem_wb_data_input_mux/mem_wb_data_input_mux.v:9]
INFO: [Synth 8-6155] done synthesizing module 'memory' (39#1) [/home/zww/Documents/College/2022SP/HDL/HdlMicroProcessor/src/soc/datapath/pipeline/stages/memory/memory.v:9]
INFO: [Synth 8-6157] synthesizing module 'mem_wb' [/home/zww/Documents/College/2022SP/HDL/HdlMicroProcessor/src/soc/datapath/pipeline/registers/mem_wb/mem_wb.v:8]
INFO: [Synth 8-6155] done synthesizing module 'mem_wb' (40#1) [/home/zww/Documents/College/2022SP/HDL/HdlMicroProcessor/src/soc/datapath/pipeline/registers/mem_wb/mem_wb.v:8]
INFO: [Synth 8-6155] done synthesizing module 'datapath' (41#1) [/home/zww/Documents/College/2022SP/HDL/HdlMicroProcessor/src/soc/datapath/datapath.v:9]
INFO: [Synth 8-6157] synthesizing module 'ila_0' [/home/zww/Documents/College/2022SP/HDL/HdlMicroProcessor/HdlMicroProcessor.runs/synth_1/.Xil/Vivado-141342-uberbertha/realtime/ila_0_stub.v:6]
INFO: [Synth 8-6155] done synthesizing module 'ila_0' (42#1) [/home/zww/Documents/College/2022SP/HDL/HdlMicroProcessor/HdlMicroProcessor.runs/synth_1/.Xil/Vivado-141342-uberbertha/realtime/ila_0_stub.v:6]
INFO: [Synth 8-6157] synthesizing module 'vga_controller' [/home/zww/Documents/College/2022SP/HDL/HdlMicroProcessor/src/soc/vga_controller/vga_controller.v:9]
INFO: [Synth 8-6157] synthesizing module 'horiz_cntr' [/home/zww/Documents/College/2022SP/HDL/HdlMicroProcessor/src/soc/vga_controller/horiz_cntr/horiz_cntr.v:9]
INFO: [Synth 8-6155] done synthesizing module 'horiz_cntr' (43#1) [/home/zww/Documents/College/2022SP/HDL/HdlMicroProcessor/src/soc/vga_controller/horiz_cntr/horiz_cntr.v:9]
INFO: [Synth 8-6157] synthesizing module 'vert_cntr' [/home/zww/Documents/College/2022SP/HDL/HdlMicroProcessor/src/soc/vga_controller/vert_cntr/vert_cntr.v:9]
INFO: [Synth 8-6155] done synthesizing module 'vert_cntr' (44#1) [/home/zww/Documents/College/2022SP/HDL/HdlMicroProcessor/src/soc/vga_controller/vert_cntr/vert_cntr.v:9]
INFO: [Synth 8-6155] done synthesizing module 'vga_controller' (45#1) [/home/zww/Documents/College/2022SP/HDL/HdlMicroProcessor/src/soc/vga_controller/vga_controller.v:9]
INFO: [Synth 8-6071] Mark debug on the nets applies keep_hierarchy on instance 'pipeline'. This will prevent further optimization [/home/zww/Documents/College/2022SP/HDL/HdlMicroProcessor/src/soc/soc.v:232]
INFO: [Synth 8-6071] Mark debug on the nets applies keep_hierarchy on instance 'ila'. This will prevent further optimization [/home/zww/Documents/College/2022SP/HDL/HdlMicroProcessor/src/soc/soc.v:274]
INFO: [Synth 8-6071] Mark debug on the nets applies keep_hierarchy on instance 'prog_mem'. This will prevent further optimization [/home/zww/Documents/College/2022SP/HDL/HdlMicroProcessor/src/soc/soc.v:55]
INFO: [Synth 8-6071] Mark debug on the nets applies keep_hierarchy on instance 'mem_buffer'. This will prevent further optimization [/home/zww/Documents/College/2022SP/HDL/HdlMicroProcessor/src/soc/soc.v:117]
INFO: [Synth 8-6071] Mark debug on the nets applies keep_hierarchy on instance 'main_mem'. This will prevent further optimization [/home/zww/Documents/College/2022SP/HDL/HdlMicroProcessor/src/soc/soc.v:101]
INFO: [Synth 8-6071] Mark debug on the nets applies keep_hierarchy on instance 'frame_buf'. This will prevent further optimization [/home/zww/Documents/College/2022SP/HDL/HdlMicroProcessor/src/soc/soc.v:71]
INFO: [Synth 8-6071] Mark debug on the nets applies keep_hierarchy on instance 'hardware_timer'. This will prevent further optimization [/home/zww/Documents/College/2022SP/HDL/HdlMicroProcessor/src/soc/soc.v:218]
INFO: [Synth 8-6071] Mark debug on the nets applies keep_hierarchy on instance 'hazard_unit'. This will prevent further optimization [/home/zww/Documents/College/2022SP/HDL/HdlMicroProcessor/src/soc/soc.v:195]
INFO: [Synth 8-6071] Mark debug on the nets applies keep_hierarchy on instance 'int_controller'. This will prevent further optimization [/home/zww/Documents/College/2022SP/HDL/HdlMicroProcessor/src/soc/soc.v:165]
INFO: [Synth 8-6071] Mark debug on the nets applies keep_hierarchy on instance 'sys_clk_gen'. This will prevent further optimization [/home/zww/Documents/College/2022SP/HDL/HdlMicroProcessor/src/soc/soc.v:30]
INFO: [Synth 8-6155] done synthesizing module 'soc' (46#1) [/home/zww/Documents/College/2022SP/HDL/HdlMicroProcessor/src/soc/soc.v:9]
---------------------------------------------------------------------------------
Finished RTL Elaboration : Time (s): cpu = 00:00:05 ; elapsed = 00:00:06 . Memory (MB): peak = 2548.820 ; gain = 0.000 ; free physical = 5881 ; free virtual = 24938
---------------------------------------------------------------------------------
---------------------------------------------------------------------------------
Start Handling Custom Attributes
---------------------------------------------------------------------------------
---------------------------------------------------------------------------------
Finished Handling Custom Attributes : Time (s): cpu = 00:00:06 ; elapsed = 00:00:07 . Memory (MB): peak = 2548.820 ; gain = 0.000 ; free physical = 5936 ; free virtual = 24994
---------------------------------------------------------------------------------
---------------------------------------------------------------------------------
Finished RTL Optimization Phase 1 : Time (s): cpu = 00:00:06 ; elapsed = 00:00:07 . Memory (MB): peak = 2548.820 ; gain = 0.000 ; free physical = 5936 ; free virtual = 24994
---------------------------------------------------------------------------------
Netlist sorting complete. Time (s): cpu = 00:00:00.03 ; elapsed = 00:00:00.04 . Memory (MB): peak = 2548.820 ; gain = 0.000 ; free physical = 5932 ; free virtual = 24990
INFO: [Project 1-570] Preparing netlist for logic optimization

Processing XDC Constraints
Initializing timing engine
Parsing XDC File [/home/zww/Documents/College/2022SP/HDL/HdlMicroProcessor/HdlMicroProcessor.gen/sources_1/ip/call_stack_1/call_stack/call_stack_in_context.xdc] for cell 'call_stk'
Finished Parsing XDC File [/home/zww/Documents/College/2022SP/HDL/HdlMicroProcessor/HdlMicroProcessor.gen/sources_1/ip/call_stack_1/call_stack/call_stack_in_context.xdc] for cell 'call_stk'
Parsing XDC File [/home/zww/Documents/College/2022SP/HDL/HdlMicroProcessor/HdlMicroProcessor.gen/sources_1/ip/clk_gen/clk_gen/clk_gen_in_context.xdc] for cell 'sys_clk_gen'
Finished Parsing XDC File [/home/zww/Documents/College/2022SP/HDL/HdlMicroProcessor/HdlMicroProcessor.gen/sources_1/ip/clk_gen/clk_gen/clk_gen_in_context.xdc] for cell 'sys_clk_gen'
Parsing XDC File [/home/zww/Documents/College/2022SP/HDL/HdlMicroProcessor/HdlMicroProcessor.gen/sources_1/ip/frame_buffer/frame_buffer/frame_buffer_in_context.xdc] for cell 'frame_buf'
Finished Parsing XDC File [/home/zww/Documents/College/2022SP/HDL/HdlMicroProcessor/HdlMicroProcessor.gen/sources_1/ip/frame_buffer/frame_buffer/frame_buffer_in_context.xdc] for cell 'frame_buf'
Parsing XDC File [/home/zww/Documents/College/2022SP/HDL/HdlMicroProcessor/HdlMicroProcessor.gen/sources_1/ip/vga_pix_clk_gen/vga_pix_clk_gen/vga_pix_clk_gen_in_context.xdc] for cell 'vga_clk_gen'
Finished Parsing XDC File [/home/zww/Documents/College/2022SP/HDL/HdlMicroProcessor/HdlMicroProcessor.gen/sources_1/ip/vga_pix_clk_gen/vga_pix_clk_gen/vga_pix_clk_gen_in_context.xdc] for cell 'vga_clk_gen'
Parsing XDC File [/home/zww/Documents/College/2022SP/HDL/HdlMicroProcessor/HdlMicroProcessor.gen/sources_1/ip/main_memory/main_memory/main_memory_in_context.xdc] for cell 'main_mem'
Finished Parsing XDC File [/home/zww/Documents/College/2022SP/HDL/HdlMicroProcessor/HdlMicroProcessor.gen/sources_1/ip/main_memory/main_memory/main_memory_in_context.xdc] for cell 'main_mem'
Parsing XDC File [/home/zww/Documents/College/2022SP/HDL/HdlMicroProcessor/HdlMicroProcessor.gen/sources_1/ip/program_memory/program_memory/program_memory_in_context.xdc] for cell 'prog_mem'
Finished Parsing XDC File [/home/zww/Documents/College/2022SP/HDL/HdlMicroProcessor/HdlMicroProcessor.gen/sources_1/ip/program_memory/program_memory/program_memory_in_context.xdc] for cell 'prog_mem'
Parsing XDC File [/home/zww/Documents/College/2022SP/HDL/HdlMicroProcessor/HdlMicroProcessor.gen/sources_1/ip/ila_0/ila_0/ila_0_in_context.xdc] for cell 'ila'
Finished Parsing XDC File [/home/zww/Documents/College/2022SP/HDL/HdlMicroProcessor/HdlMicroProcessor.gen/sources_1/ip/ila_0/ila_0/ila_0_in_context.xdc] for cell 'ila'
Parsing XDC File [/home/zww/Documents/College/2022SP/HDL/HdlMicroProcessor/HdlMicroProcessor.srcs/constrs_1/imports/HdlMicroProcessor.constraints/Arty-S7-50-Master.xdc]
Finished Parsing XDC File [/home/zww/Documents/College/2022SP/HDL/HdlMicroProcessor/HdlMicroProcessor.srcs/constrs_1/imports/HdlMicroProcessor.constraints/Arty-S7-50-Master.xdc]
INFO: [Project 1-236] Implementation specific constraints were found while reading constraint file [/home/zww/Documents/College/2022SP/HDL/HdlMicroProcessor/HdlMicroProcessor.srcs/constrs_1/imports/HdlMicroProcessor.constraints/Arty-S7-50-Master.xdc]. These constraints will be ignored for synthesis but will be used in implementation. Impacted constraints are listed in the file [.Xil/soc_propImpl.xdc].
Resolution: To avoid this warning, move constraints listed in [.Xil/soc_propImpl.xdc] to another XDC file and exclude this new file from synthesis with the used_in_synthesis property (File Properties dialog in GUI) and re-run elaboration/synthesis.
Parsing XDC File [/home/zww/Documents/College/2022SP/HDL/HdlMicroProcessor/HdlMicroProcessor.runs/synth_1/dont_touch.xdc]
Finished Parsing XDC File [/home/zww/Documents/College/2022SP/HDL/HdlMicroProcessor/HdlMicroProcessor.runs/synth_1/dont_touch.xdc]
Completed Processing XDC Constraints

Netlist sorting complete. Time (s): cpu = 00:00:00 ; elapsed = 00:00:00 . Memory (MB): peak = 2612.598 ; gain = 0.000 ; free physical = 5811 ; free virtual = 24883
INFO: [Project 1-111] Unisim Transformation Summary:
No Unisim elements were transformed.

Constraint Validation Runtime : Time (s): cpu = 00:00:00 ; elapsed = 00:00:00.01 . Memory (MB): peak = 2612.598 ; gain = 0.000 ; free physical = 5811 ; free virtual = 24883
---------------------------------------------------------------------------------
Finished Constraint Validation : Time (s): cpu = 00:00:12 ; elapsed = 00:00:13 . Memory (MB): peak = 2612.598 ; gain = 63.777 ; free physical = 5978 ; free virtual = 24969
---------------------------------------------------------------------------------
---------------------------------------------------------------------------------
Start Loading Part and Timing Information
---------------------------------------------------------------------------------
Loading part: xc7s50csga324-1
---------------------------------------------------------------------------------
Finished Loading Part and Timing Information : Time (s): cpu = 00:00:12 ; elapsed = 00:00:13 . Memory (MB): peak = 2612.598 ; gain = 63.777 ; free physical = 5978 ; free virtual = 24969
---------------------------------------------------------------------------------
---------------------------------------------------------------------------------
Start Applying 'set_property' XDC Constraints
---------------------------------------------------------------------------------
Applied set_property IO_BUFFER_TYPE = NONE for clk100M. (constraint file  /home/zww/Documents/College/2022SP/HDL/HdlMicroProcessor/HdlMicroProcessor.gen/sources_1/ip/clk_gen/clk_gen/clk_gen_in_context.xdc, line 5).
Applied set_property CLOCK_BUFFER_TYPE = NONE for clk100M. (constraint file  /home/zww/Documents/College/2022SP/HDL/HdlMicroProcessor/HdlMicroProcessor.gen/sources_1/ip/clk_gen/clk_gen/clk_gen_in_context.xdc, line 6).
Applied set_property KEEP_HIERARCHY = SOFT for call_stk. (constraint file  auto generated constraint).
Applied set_property KEEP_HIERARCHY = SOFT for sys_clk_gen. (constraint file  auto generated constraint).
Applied set_property KEEP_HIERARCHY = SOFT for frame_buf. (constraint file  auto generated constraint).
Applied set_property KEEP_HIERARCHY = SOFT for vga_clk_gen. (constraint file  auto generated constraint).
Applied set_property KEEP_HIERARCHY = SOFT for main_mem. (constraint file  auto generated constraint).
Applied set_property KEEP_HIERARCHY = SOFT for prog_mem. (constraint file  auto generated constraint).
Applied set_property KEEP_HIERARCHY = SOFT for ila. (constraint file  auto generated constraint).
---------------------------------------------------------------------------------
Finished applying 'set_property' XDC Constraints : Time (s): cpu = 00:00:12 ; elapsed = 00:00:13 . Memory (MB): peak = 2612.598 ; gain = 63.777 ; free physical = 5978 ; free virtual = 24969
---------------------------------------------------------------------------------
INFO: [Synth 8-802] inferred FSM for state register 'state_reg' in module 'hazard_control_unit'
---------------------------------------------------------------------------------------------------
                   State |                     New Encoding |                Previous Encoding 
---------------------------------------------------------------------------------------------------
                 iSTATE3 |                       0000000001 |                             0000
                 iSTATE8 |                       0000000010 |                             0101
                 iSTATE7 |                       0000000100 |                             0110
                 iSTATE5 |                       0000001000 |                             0111
                 iSTATE6 |                       0000010000 |                             1000
                 iSTATE2 |                       0000100000 |                             0001
                 iSTATE4 |                       0001000000 |                             1001
                 iSTATE0 |                       0010000000 |                             0011
                  iSTATE |                       0100000000 |                             0100
                 iSTATE1 |                       1000000000 |                             0010
---------------------------------------------------------------------------------------------------
INFO: [Synth 8-3354] encoded FSM with state register 'state_reg' using encoding 'one-hot' in module 'hazard_control_unit'
---------------------------------------------------------------------------------
Finished RTL Optimization Phase 2 : Time (s): cpu = 00:00:14 ; elapsed = 00:00:15 . Memory (MB): peak = 2612.598 ; gain = 63.777 ; free physical = 5960 ; free virtual = 24955
---------------------------------------------------------------------------------
---------------------------------------------------------------------------------
Start RTL Component Statistics 
---------------------------------------------------------------------------------
Detailed RTL Component Info : 
+---Adders : 
	   2 Input   16 Bit       Adders := 5     
	   2 Input   15 Bit       Adders := 1     
	   2 Input   14 Bit       Adders := 1     
	   2 Input   10 Bit       Adders := 1     
	   3 Input    9 Bit       Adders := 1     
	   2 Input    9 Bit       Adders := 1     
	   2 Input    8 Bit       Adders := 3     
	   2 Input    2 Bit       Adders := 1     
+---Registers : 
	               32 Bit    Registers := 4     
	               15 Bit    Registers := 2     
	               14 Bit    Registers := 6     
	               12 Bit    Registers := 1     
	               10 Bit    Registers := 1     
	                8 Bit    Registers := 74    
	                7 Bit    Registers := 4     
	                5 Bit    Registers := 5     
	                4 Bit    Registers := 1     
	                3 Bit    Registers := 1     
	                2 Bit    Registers := 7     
	                1 Bit    Registers := 25    
+---Muxes : 
	  10 Input   32 Bit        Muxes := 1     
	   2 Input   32 Bit        Muxes := 1     
	   2 Input   16 Bit        Muxes := 1     
	   4 Input   16 Bit        Muxes := 1     
	   4 Input   15 Bit        Muxes := 2     
	   2 Input   15 Bit        Muxes := 1     
	   2 Input   14 Bit        Muxes := 2     
	   3 Input   14 Bit        Muxes := 2     
	  10 Input   14 Bit        Muxes := 1     
	   2 Input   12 Bit        Muxes := 1     
	  20 Input   10 Bit        Muxes := 1     
	   2 Input    9 Bit        Muxes := 1     
	   2 Input    8 Bit        Muxes := 71    
	   4 Input    7 Bit        Muxes := 4     
	   2 Input    7 Bit        Muxes := 7     
	  18 Input    7 Bit        Muxes := 1     
	   5 Input    7 Bit        Muxes := 1     
	   2 Input    6 Bit        Muxes := 4     
	   2 Input    5 Bit        Muxes := 55    
	   4 Input    5 Bit        Muxes := 7     
	   3 Input    5 Bit        Muxes := 6     
	   5 Input    5 Bit        Muxes := 4     
	   6 Input    5 Bit        Muxes := 1     
	   2 Input    4 Bit        Muxes := 11    
	  10 Input    4 Bit        Muxes := 2     
	   2 Input    3 Bit        Muxes := 17    
	   3 Input    3 Bit        Muxes := 1     
	   2 Input    2 Bit        Muxes := 8     
	   4 Input    2 Bit        Muxes := 1     
	  18 Input    2 Bit        Muxes := 3     
	   3 Input    2 Bit        Muxes := 3     
	   5 Input    2 Bit        Muxes := 1     
	   2 Input    1 Bit        Muxes := 139   
	  10 Input    1 Bit        Muxes := 2     
	  18 Input    1 Bit        Muxes := 10    
	   3 Input    1 Bit        Muxes := 21    
	   4 Input    1 Bit        Muxes := 3     
	   5 Input    1 Bit        Muxes := 1     
---------------------------------------------------------------------------------
Finished RTL Component Statistics 
---------------------------------------------------------------------------------
---------------------------------------------------------------------------------
Start Part Resource Summary
---------------------------------------------------------------------------------
Part Resources:
DSPs: 120 (col length:60)
BRAMs: 150 (col length: RAMB18 60 RAMB36 30)
---------------------------------------------------------------------------------
Finished Part Resource Summary
---------------------------------------------------------------------------------
---------------------------------------------------------------------------------
Start Cross Boundary and Area Optimization
---------------------------------------------------------------------------------
---------------------------------------------------------------------------------
Finished Cross Boundary and Area Optimization : Time (s): cpu = 00:00:33 ; elapsed = 00:00:35 . Memory (MB): peak = 2612.598 ; gain = 63.777 ; free physical = 5487 ; free virtual = 24791
---------------------------------------------------------------------------------
---------------------------------------------------------------------------------
Start Applying XDC Timing Constraints
---------------------------------------------------------------------------------
---------------------------------------------------------------------------------
Finished Applying XDC Timing Constraints : Time (s): cpu = 00:00:39 ; elapsed = 00:00:42 . Memory (MB): peak = 2612.598 ; gain = 63.777 ; free physical = 5354 ; free virtual = 24679
---------------------------------------------------------------------------------
---------------------------------------------------------------------------------
Start Timing Optimization
---------------------------------------------------------------------------------
---------------------------------------------------------------------------------
Finished Timing Optimization : Time (s): cpu = 00:00:41 ; elapsed = 00:00:44 . Memory (MB): peak = 2612.598 ; gain = 63.777 ; free physical = 5306 ; free virtual = 24663
---------------------------------------------------------------------------------
---------------------------------------------------------------------------------
Start Technology Mapping
---------------------------------------------------------------------------------
---------------------------------------------------------------------------------
Finished Technology Mapping : Time (s): cpu = 00:00:43 ; elapsed = 00:00:46 . Memory (MB): peak = 2612.598 ; gain = 63.777 ; free physical = 5332 ; free virtual = 24654
---------------------------------------------------------------------------------
---------------------------------------------------------------------------------
Start IO Insertion
---------------------------------------------------------------------------------
---------------------------------------------------------------------------------
Start Final Netlist Cleanup
---------------------------------------------------------------------------------
---------------------------------------------------------------------------------
Finished Final Netlist Cleanup
---------------------------------------------------------------------------------
WARNING: [Synth 8-5396] Clock pin C has keep related attribute (keep/mark_debug/dont_touch) which could create extra logic on its net [/home/zww/Documents/College/2022SP/HDL/HdlMicroProcessor/src/soc/interrupt_controller/interrupt_controller.v:50]
---------------------------------------------------------------------------------
Finished IO Insertion : Time (s): cpu = 00:00:46 ; elapsed = 00:00:49 . Memory (MB): peak = 2612.598 ; gain = 63.777 ; free physical = 5469 ; free virtual = 24645
---------------------------------------------------------------------------------
---------------------------------------------------------------------------------
Start Renaming Generated Instances
---------------------------------------------------------------------------------
---------------------------------------------------------------------------------
Finished Renaming Generated Instances : Time (s): cpu = 00:00:46 ; elapsed = 00:00:49 . Memory (MB): peak = 2612.598 ; gain = 63.777 ; free physical = 5469 ; free virtual = 24645
---------------------------------------------------------------------------------
---------------------------------------------------------------------------------
Start Handling Custom Attributes
---------------------------------------------------------------------------------
---------------------------------------------------------------------------------
Finished Handling Custom Attributes : Time (s): cpu = 00:00:46 ; elapsed = 00:00:49 . Memory (MB): peak = 2612.598 ; gain = 63.777 ; free physical = 5468 ; free virtual = 24644
---------------------------------------------------------------------------------
---------------------------------------------------------------------------------
Start Writing Synthesis Report
---------------------------------------------------------------------------------

Report BlackBoxes: 
+------+----------------+----------+
|      |BlackBox name   |Instances |
+------+----------------+----------+
|1     |clk_gen         |         1|
|2     |vga_pix_clk_gen |         1|
|3     |program_memory  |         1|
|4     |frame_buffer    |         1|
|5     |call_stack      |         1|
|6     |main_memory     |         1|
|7     |ila_0           |         1|
+------+----------------+----------+

Report Cell Usage: 
+------+----------------+------+
|      |Cell            |Count |
+------+----------------+------+
|1     |call_stack      |     1|
|2     |clk_gen         |     1|
|3     |frame_buffer    |     1|
|4     |ila             |     1|
|5     |main_memory     |     1|
|6     |program_memory  |     1|
|7     |vga_pix_clk_gen |     1|
|8     |CARRY4          |    52|
|9     |LUT1            |    85|
|10    |LUT2            |   180|
|11    |LUT3            |   266|
|12    |LUT4            |   123|
|13    |LUT5            |   134|
|14    |LUT6            |   873|
|15    |MUXF7           |    99|
|16    |MUXF8           |    17|
|17    |FDRE            |   975|
|18    |FDSE            |     3|
|19    |IBUF            |     9|
|20    |OBUF            |    38|
+------+----------------+------+
---------------------------------------------------------------------------------
Finished Writing Synthesis Report : Time (s): cpu = 00:00:46 ; elapsed = 00:00:49 . Memory (MB): peak = 2612.598 ; gain = 63.777 ; free physical = 5468 ; free virtual = 24644
---------------------------------------------------------------------------------
Synthesis finished with 0 errors, 0 critical warnings and 1 warnings.
Synthesis Optimization Runtime : Time (s): cpu = 00:00:44 ; elapsed = 00:00:47 . Memory (MB): peak = 2612.598 ; gain = 0.000 ; free physical = 5526 ; free virtual = 24702
Synthesis Optimization Complete : Time (s): cpu = 00:00:46 ; elapsed = 00:00:49 . Memory (MB): peak = 2612.598 ; gain = 63.777 ; free physical = 5526 ; free virtual = 24702
INFO: [Project 1-571] Translating synthesized netlist
Netlist sorting complete. Time (s): cpu = 00:00:00.04 ; elapsed = 00:00:00.03 . Memory (MB): peak = 2612.598 ; gain = 0.000 ; free physical = 5606 ; free virtual = 24784
INFO: [Netlist 29-17] Analyzing 168 Unisim elements for replacement
INFO: [Netlist 29-28] Unisim Transformation completed in 0 CPU seconds
INFO: [Project 1-570] Preparing netlist for logic optimization
INFO: [Opt 31-138] Pushed 0 inverter(s) to 0 load pin(s).
Netlist sorting complete. Time (s): cpu = 00:00:00 ; elapsed = 00:00:00 . Memory (MB): peak = 2612.598 ; gain = 0.000 ; free physical = 5576 ; free virtual = 24731
INFO: [Project 1-111] Unisim Transformation Summary:
No Unisim elements were transformed.

Synth Design complete, checksum: 833a8636
INFO: [Common 17-83] Releasing license: Synthesis
119 Infos, 1 Warnings, 0 Critical Warnings and 0 Errors encountered.
synth_design completed successfully
synth_design: Time (s): cpu = 00:00:55 ; elapsed = 00:00:53 . Memory (MB): peak = 2612.598 ; gain = 64.031 ; free physical = 5717 ; free virtual = 24872
INFO: [Common 17-1381] The checkpoint '/home/zww/Documents/College/2022SP/HDL/HdlMicroProcessor/HdlMicroProcessor.runs/synth_1/soc.dcp' has been generated.
INFO: [runtcl-4] Executing : report_utilization -file soc_utilization_synth.rpt -pb soc_utilization_synth.pb
INFO: [Common 17-206] Exiting Vivado at Mon Apr 25 01:06:49 2022...
